[debug] [2018-09-25T10:24:27.847Z] ----------------------------------------------------------------------
[debug] [2018-09-25T10:24:27.850Z] Command:       C:\Program Files\nodejs\node.exe C:\Users\james\AppData\Roaming\npm\node_modules\firebase-tools\bin\firebase serve
[debug] [2018-09-25T10:24:27.851Z] CLI Version:   4.2.1
[debug] [2018-09-25T10:24:27.851Z] Platform:      win32
[debug] [2018-09-25T10:24:27.851Z] Node Version:  v8.11.4
[debug] [2018-09-25T10:24:27.851Z] Time:          Tue Sep 25 2018 13:24:27 GMT+0300 (E. Africa Standard Time)
[debug] [2018-09-25T10:24:27.851Z] ----------------------------------------------------------------------
[debug] 
[debug] [2018-09-25T10:24:27.866Z] > command requires scopes: ["email","openid","https://www.googleapis.com/auth/cloudplatformprojects.readonly","https://www.googleapis.com/auth/firebase","https://www.googleapis.com/auth/cloud-platform"]
[debug] [2018-09-25T10:24:27.867Z] > authorizing via signed-in user
[debug] [2018-09-25T10:24:27.869Z] > refreshing access token with scopes: ["email","https://www.googleapis.com/auth/cloud-platform","https://www.googleapis.com/auth/cloudplatformprojects.readonly","https://www.googleapis.com/auth/firebase","openid"]
[debug] [2018-09-25T10:24:27.869Z] >>> HTTP REQUEST POST https://www.googleapis.com/oauth2/v3/token  

[debug] [2018-09-25T10:24:28.371Z] <<< HTTP RESPONSE 200
[debug] [2018-09-25T10:24:28.411Z] >>> HTTP REQUEST GET https://admin.firebase.com/v1/projects/sigma-b6495  
 
[debug] [2018-09-25T10:24:30.179Z] <<< HTTP RESPONSE 200
[debug] [2018-09-25T10:24:30.180Z] >>> HTTP REQUEST GET https://cloudresourcemanager.googleapis.com/v1/projects/sigma-b6495  
 
[debug] [2018-09-25T10:24:32.268Z] <<< HTTP RESPONSE 200
[info] 
[info] === Serving from 'E:\projects\ajiragis-web-ui'...
[info] 
[debug] [2018-09-25T10:24:32.270Z] >>> HTTP REQUEST GET https://mobilesdk-pa.googleapis.com/v1/projects/958239279582/clients/_:getWebAppConfig  
 
[debug] [2018-09-25T10:24:32.846Z] <<< HTTP RESPONSE 200
[info] i  hosting[sigma-b6495]: Serving hosting files from: ./dist
[info] +  hosting[sigma-b6495]: Local server: http://localhost:5000
